<?xml version="1.0" encoding="UTF-8"?>
<testsuite name="com.avalanche.tmcs.students.StudentsControllerServiceTest" tests="1" skipped="0" failures="1" errors="0" timestamp="2017-07-27T20:51:40" hostname="shodan-linux" time="0.484">
  <properties/>
  <testcase name="greetingShouldReturnDefaultMessage" classname="com.avalanche.tmcs.students.StudentsControllerServiceTest" time="0.484">
    <failure message="org.springframework.web.client.HttpServerErrorException: 500 null" type="org.springframework.web.client.HttpServerErrorException">org.springframework.web.client.HttpServerErrorException: 500 null
	at org.springframework.web.client.DefaultResponseErrorHandler.handleError(DefaultResponseErrorHandler.java:94)
	at org.springframework.web.client.RestTemplate.handleResponse(RestTemplate.java:700)
	at org.springframework.web.client.RestTemplate.doExecute(RestTemplate.java:653)
	at org.springframework.web.client.RestTemplate.execute(RestTemplate.java:613)
	at org.springframework.web.client.RestTemplate.postForLocation(RestTemplate.java:355)
	at com.avalanche.tmcs.utils.TestUtils.ensureTestStudent(TestUtils.java:48)
	at com.avalanche.tmcs.utils.TestUtils.login(TestUtils.java:52)
	at com.avalanche.tmcs.students.StudentsControllerServiceTest.login(StudentsControllerServiceTest.java:39)
	at sun.reflect.NativeMethodAccessorImpl.invoke0(Native Method)
	at sun.reflect.NativeMethodAccessorImpl.invoke(NativeMethodAccessorImpl.java:62)
	at sun.reflect.DelegatingMethodAccessorImpl.invoke(DelegatingMethodAccessorImpl.java:43)
	at java.lang.reflect.Method.invoke(Method.java:498)
	at org.junit.runners.model.FrameworkMethod$1.runReflectiveCall(FrameworkMethod.java:50)
	at org.junit.internal.runners.model.ReflectiveCallable.run(ReflectiveCallable.java:12)
	at org.junit.runners.model.FrameworkMethod.invokeExplosively(FrameworkMethod.java:47)
	at org.junit.internal.runners.statements.RunBefores.evaluate(RunBefores.java:24)
	at org.springframework.test.context.junit4.statements.RunBeforeTestMethodCallbacks.evaluate(RunBeforeTestMethodCallbacks.java:75)
	at org.springframework.test.context.junit4.statements.RunAfterTestMethodCallbacks.evaluate(RunAfterTestMethodCallbacks.java:86)
	at org.springframework.test.context.junit4.statements.SpringRepeat.evaluate(SpringRepeat.java:84)
	at org.junit.runners.ParentRunner.runLeaf(ParentRunner.java:325)
	at org.springframework.test.context.junit4.SpringJUnit4ClassRunner.runChild(SpringJUnit4ClassRunner.java:252)
	at org.springframework.test.context.junit4.SpringJUnit4ClassRunner.runChild(SpringJUnit4ClassRunner.java:94)
	at org.junit.runners.ParentRunner$3.run(ParentRunner.java:290)
	at org.junit.runners.ParentRunner$1.schedule(ParentRunner.java:71)
	at org.junit.runners.ParentRunner.runChildren(ParentRunner.java:288)
	at org.junit.runners.ParentRunner.access$000(ParentRunner.java:58)
	at org.junit.runners.ParentRunner$2.evaluate(ParentRunner.java:268)
	at org.springframework.test.context.junit4.statements.RunBeforeTestClassCallbacks.evaluate(RunBeforeTestClassCallbacks.java:61)
	at org.springframework.test.context.junit4.statements.RunAfterTestClassCallbacks.evaluate(RunAfterTestClassCallbacks.java:70)
	at org.junit.runners.ParentRunner.run(ParentRunner.java:363)
	at org.springframework.test.context.junit4.SpringJUnit4ClassRunner.run(SpringJUnit4ClassRunner.java:191)
	at org.gradle.api.internal.tasks.testing.junit.JUnitTestClassExecuter.runTestClass(JUnitTestClassExecuter.java:114)
	at org.gradle.api.internal.tasks.testing.junit.JUnitTestClassExecuter.execute(JUnitTestClassExecuter.java:57)
	at org.gradle.api.internal.tasks.testing.junit.JUnitTestClassProcessor.processTestClass(JUnitTestClassProcessor.java:66)
	at org.gradle.api.internal.tasks.testing.SuiteTestClassProcessor.processTestClass(SuiteTestClassProcessor.java:51)
	at sun.reflect.NativeMethodAccessorImpl.invoke0(Native Method)
	at sun.reflect.NativeMethodAccessorImpl.invoke(NativeMethodAccessorImpl.java:62)
	at sun.reflect.DelegatingMethodAccessorImpl.invoke(DelegatingMethodAccessorImpl.java:43)
	at java.lang.reflect.Method.invoke(Method.java:498)
	at org.gradle.internal.dispatch.ReflectionDispatch.dispatch(ReflectionDispatch.java:35)
	at org.gradle.internal.dispatch.ReflectionDispatch.dispatch(ReflectionDispatch.java:24)
	at org.gradle.internal.dispatch.ContextClassLoaderDispatch.dispatch(ContextClassLoaderDispatch.java:32)
	at org.gradle.internal.dispatch.ProxyDispatchAdapter$DispatchingInvocationHandler.invoke(ProxyDispatchAdapter.java:93)
	at com.sun.proxy.$Proxy2.processTestClass(Unknown Source)
	at org.gradle.api.internal.tasks.testing.worker.TestWorker.processTestClass(TestWorker.java:109)
	at sun.reflect.NativeMethodAccessorImpl.invoke0(Native Method)
	at sun.reflect.NativeMethodAccessorImpl.invoke(NativeMethodAccessorImpl.java:62)
	at sun.reflect.DelegatingMethodAccessorImpl.invoke(DelegatingMethodAccessorImpl.java:43)
	at java.lang.reflect.Method.invoke(Method.java:498)
	at org.gradle.internal.dispatch.ReflectionDispatch.dispatch(ReflectionDispatch.java:35)
	at org.gradle.internal.dispatch.ReflectionDispatch.dispatch(ReflectionDispatch.java:24)
	at org.gradle.internal.remote.internal.hub.MessageHub$Handler.run(MessageHub.java:377)
	at org.gradle.internal.concurrent.ExecutorPolicy$CatchAndRecordFailures.onExecute(ExecutorPolicy.java:54)
	at org.gradle.internal.concurrent.StoppableExecutorImpl$1.run(StoppableExecutorImpl.java:40)
	at java.util.concurrent.ThreadPoolExecutor.runWorker(ThreadPoolExecutor.java:1142)
	at java.util.concurrent.ThreadPoolExecutor$Worker.run(ThreadPoolExecutor.java:617)
	at java.lang.Thread.run(Thread.java:748)
</failure>
  </testcase>
  <system-out><![CDATA[2017-07-27 16:51:37.999  INFO 7074 --- [    Test worker] .b.t.c.SpringBootTestContextBootstrapper : Neither @ContextConfiguration nor @ContextHierarchy found for test class [com.avalanche.tmcs.students.StudentsControllerServiceTest], using SpringBootContextLoader
2017-07-27 16:51:38.000  INFO 7074 --- [    Test worker] o.s.t.c.support.AbstractContextLoader    : Could not detect default resource locations for test class [com.avalanche.tmcs.students.StudentsControllerServiceTest]: no resource found for suffixes {-context.xml, Context.groovy}.
2017-07-27 16:51:38.000  INFO 7074 --- [    Test worker] t.c.s.AnnotationConfigContextLoaderUtils : Could not detect default configuration classes for test class [com.avalanche.tmcs.students.StudentsControllerServiceTest]: StudentsControllerServiceTest does not declare any static, non-private, non-final, nested classes annotated with @Configuration.
2017-07-27 16:51:38.011  INFO 7074 --- [    Test worker] .b.t.c.SpringBootTestContextBootstrapper : Found @SpringBootConfiguration com.avalanche.tmcs.Application for test class com.avalanche.tmcs.students.StudentsControllerServiceTest
2017-07-27 16:51:38.017  INFO 7074 --- [    Test worker] .b.t.c.SpringBootTestContextBootstrapper : Loaded default TestExecutionListener class names from location [META-INF/spring.factories]: [org.springframework.boot.test.mock.mockito.MockitoTestExecutionListener, org.springframework.boot.test.mock.mockito.ResetMocksTestExecutionListener, org.springframework.boot.test.autoconfigure.restdocs.RestDocsTestExecutionListener, org.springframework.boot.test.autoconfigure.web.client.MockRestServiceServerResetTestExecutionListener, org.springframework.boot.test.autoconfigure.web.servlet.MockMvcPrintOnlyOnFailureTestExecutionListener, org.springframework.boot.test.autoconfigure.web.servlet.WebDriverTestExecutionListener, org.springframework.test.context.web.ServletTestExecutionListener, org.springframework.test.context.support.DirtiesContextBeforeModesTestExecutionListener, org.springframework.test.context.support.DependencyInjectionTestExecutionListener, org.springframework.test.context.support.DirtiesContextTestExecutionListener, org.springframework.test.context.transaction.TransactionalTestExecutionListener, org.springframework.test.context.jdbc.SqlScriptsTestExecutionListener]
2017-07-27 16:51:38.021  INFO 7074 --- [    Test worker] .b.t.c.SpringBootTestContextBootstrapper : Using TestExecutionListeners: [org.springframework.test.context.web.ServletTestExecutionListener@6037b3bb, org.springframework.test.context.support.DirtiesContextBeforeModesTestExecutionListener@37ce9a03, org.springframework.boot.test.autoconfigure.SpringBootDependencyInjectionTestExecutionListener@50ced36d, org.springframework.test.context.support.DirtiesContextTestExecutionListener@fc1cc4a, org.springframework.test.context.transaction.TransactionalTestExecutionListener@52361c62, org.springframework.test.context.jdbc.SqlScriptsTestExecutionListener@11eb9aa5, org.springframework.boot.test.mock.mockito.MockitoTestExecutionListener@3798764e, org.springframework.boot.test.autoconfigure.restdocs.RestDocsTestExecutionListener@36ba4f6b, org.springframework.boot.test.autoconfigure.web.client.MockRestServiceServerResetTestExecutionListener@540d80d2, org.springframework.boot.test.mock.mockito.ResetMocksTestExecutionListener@197e1644, org.springframework.boot.test.autoconfigure.web.servlet.MockMvcPrintOnlyOnFailureTestExecutionListener@6da02923, org.springframework.boot.test.autoconfigure.web.servlet.WebDriverTestExecutionListener@905f2eb]

  .   ____          _            __ _ _
 /\\ / ___'_ __ _ _(_)_ __  __ _ \ \ \ \
( ( )\___ | '_ | '_| | '_ \/ _` | \ \ \ \
 \\/  ___)| |_)| | | | | || (_| |  ) ) ) )
  '  |____| .__|_| |_|_| |_\__, | / / / /
 =========|_|==============|___/=/_/_/_/
 :: Spring Boot ::        (v1.5.1.RELEASE)

2017-07-27 16:51:38.081  INFO 7074 --- [    Test worker] c.a.t.s.StudentsControllerServiceTest    : Starting StudentsControllerServiceTest on shodan-linux with PID 7074 (started by ddubois in /home/ddubois/Documents/tmcs/server)
2017-07-27 16:51:38.081  INFO 7074 --- [    Test worker] c.a.t.s.StudentsControllerServiceTest    : No active profile set, falling back to default profiles: default
2017-07-27 16:51:38.082  INFO 7074 --- [    Test worker] ationConfigEmbeddedWebApplicationContext : Refreshing org.springframework.boot.context.embedded.AnnotationConfigEmbeddedWebApplicationContext@5229eab1: startup date [Thu Jul 27 16:51:38 EDT 2017]; root of context hierarchy
2017-07-27 16:51:38.509  INFO 7074 --- [    Test worker] trationDelegate$BeanPostProcessorChecker : Bean 'org.springframework.boot.autoconfigure.validation.ValidationAutoConfiguration' of type [class org.springframework.boot.autoconfigure.validation.ValidationAutoConfiguration] is not eligible for getting processed by all BeanPostProcessors (for example: not eligible for auto-proxying)
2017-07-27 16:51:38.518  INFO 7074 --- [    Test worker] trationDelegate$BeanPostProcessorChecker : Bean 'validator' of type [class org.springframework.validation.beanvalidation.LocalValidatorFactoryBean] is not eligible for getting processed by all BeanPostProcessors (for example: not eligible for auto-proxying)
2017-07-27 16:51:38.537  INFO 7074 --- [    Test worker] trationDelegate$BeanPostProcessorChecker : Bean 'org.springframework.transaction.annotation.ProxyTransactionManagementConfiguration' of type [class org.springframework.transaction.annotation.ProxyTransactionManagementConfiguration$$EnhancerBySpringCGLIB$$23cd7521] is not eligible for getting processed by all BeanPostProcessors (for example: not eligible for auto-proxying)
2017-07-27 16:51:38.765  INFO 7074 --- [    Test worker] s.b.c.e.t.TomcatEmbeddedServletContainer : Tomcat initialized with port(s): 0 (http)
2017-07-27 16:51:38.780  INFO 7074 --- [    Test worker] o.apache.catalina.core.StandardService   : Starting service Tomcat
2017-07-27 16:51:38.782  INFO 7074 --- [    Test worker] org.apache.catalina.core.StandardEngine  : Starting Servlet Engine: Apache Tomcat/8.5.11
2017-07-27 16:51:38.906  INFO 7074 --- [ost-startStop-1] o.a.c.c.C.[Tomcat].[localhost].[/]       : Initializing Spring embedded WebApplicationContext
2017-07-27 16:51:38.906  INFO 7074 --- [ost-startStop-1] o.s.web.context.ContextLoader            : Root WebApplicationContext: initialization completed in 824 ms
2017-07-27 16:51:39.334  INFO 7074 --- [ost-startStop-1] o.s.b.w.servlet.FilterRegistrationBean   : Mapping filter: 'metricsFilter' to: [/*]
2017-07-27 16:51:39.335  INFO 7074 --- [ost-startStop-1] o.s.b.w.servlet.FilterRegistrationBean   : Mapping filter: 'characterEncodingFilter' to: [/*]
2017-07-27 16:51:39.335  INFO 7074 --- [ost-startStop-1] o.s.b.w.servlet.FilterRegistrationBean   : Mapping filter: 'hiddenHttpMethodFilter' to: [/*]
2017-07-27 16:51:39.335  INFO 7074 --- [ost-startStop-1] o.s.b.w.servlet.FilterRegistrationBean   : Mapping filter: 'httpPutFormContentFilter' to: [/*]
2017-07-27 16:51:39.335  INFO 7074 --- [ost-startStop-1] o.s.b.w.servlet.FilterRegistrationBean   : Mapping filter: 'requestContextFilter' to: [/*]
2017-07-27 16:51:39.338  INFO 7074 --- [ost-startStop-1] .s.DelegatingFilterProxyRegistrationBean : Mapping filter: 'springSecurityFilterChain' to: [/*]
2017-07-27 16:51:39.338  INFO 7074 --- [ost-startStop-1] o.s.b.w.servlet.FilterRegistrationBean   : Mapping filter: 'webRequestLoggingFilter' to: [/*]
2017-07-27 16:51:39.339  INFO 7074 --- [ost-startStop-1] o.s.b.w.servlet.FilterRegistrationBean   : Mapping filter: 'logFilter' to: [/*]
2017-07-27 16:51:39.339  INFO 7074 --- [ost-startStop-1] o.s.b.w.servlet.FilterRegistrationBean   : Mapping filter: 'applicationContextIdFilter' to: [/*]
2017-07-27 16:51:39.339  INFO 7074 --- [ost-startStop-1] o.s.b.w.servlet.ServletRegistrationBean  : Mapping servlet: 'dispatcherServlet' to [/]
2017-07-27 16:51:39.499  INFO 7074 --- [    Test worker] j.LocalContainerEntityManagerFactoryBean : Building JPA container EntityManagerFactory for persistence unit 'default'
2017-07-27 16:51:39.500  INFO 7074 --- [    Test worker] o.hibernate.jpa.internal.util.LogHelper  : HHH000204: Processing PersistenceUnitInfo [
	name: default
	...]
2017-07-27 16:51:39.504  INFO 7074 --- [    Test worker] org.hibernate.dialect.Dialect            : HHH000400: Using dialect: org.hibernate.dialect.MySQL5Dialect
2017-07-27 16:51:39.597  INFO 7074 --- [    Test worker] org.hibernate.tool.hbm2ddl.SchemaUpdate  : HHH000228: Running hbm2ddl schema update
2017-07-27 16:51:39.677  INFO 7074 --- [    Test worker] j.LocalContainerEntityManagerFactoryBean : Initialized JPA EntityManagerFactory for persistence unit 'default'
2017-07-27 16:51:40.100  INFO 7074 --- [    Test worker] o.s.s.web.DefaultSecurityFilterChain     : Creating filter chain: org.springframework.security.web.util.matcher.AnyRequestMatcher@1, [org.springframework.security.web.context.request.async.WebAsyncManagerIntegrationFilter@84e93af, org.springframework.security.web.context.SecurityContextPersistenceFilter@20128bee, org.springframework.security.web.header.HeaderWriterFilter@3c0cd706, org.springframework.security.web.authentication.logout.LogoutFilter@737bd8f9, org.springframework.security.web.savedrequest.RequestCacheAwareFilter@81adecd, org.springframework.security.web.servletapi.SecurityContextHolderAwareRequestFilter@52f48c2f, org.springframework.security.web.authentication.AnonymousAuthenticationFilter@337da53b, org.springframework.security.web.session.SessionManagementFilter@6ca9b0f8, org.springframework.security.web.access.ExceptionTranslationFilter@7faaf150, org.springframework.security.web.access.intercept.FilterSecurityInterceptor@464a04c7]
2017-07-27 16:51:40.107  INFO 7074 --- [    Test worker] o.s.s.web.DefaultSecurityFilterChain     : Creating filter chain: org.springframework.boot.actuate.autoconfigure.ManagementWebSecurityAutoConfiguration$LazyEndpointPathRequestMatcher@6e0737c8, [org.springframework.security.web.context.request.async.WebAsyncManagerIntegrationFilter@381a57a0, org.springframework.security.web.context.SecurityContextPersistenceFilter@1d53ce5b, org.springframework.security.web.header.HeaderWriterFilter@32df01b7, org.springframework.security.web.authentication.logout.LogoutFilter@5e630d82, org.springframework.security.web.authentication.www.BasicAuthenticationFilter@2fc846c, org.springframework.security.web.savedrequest.RequestCacheAwareFilter@29f5d032, org.springframework.security.web.servletapi.SecurityContextHolderAwareRequestFilter@63edae02, org.springframework.security.web.authentication.AnonymousAuthenticationFilter@5a02a3b6, org.springframework.security.web.session.SessionManagementFilter@1d1414e1, org.springframework.security.web.access.ExceptionTranslationFilter@576c6fcc, org.springframework.security.web.access.intercept.FilterSecurityInterceptor@5136699c]
2017-07-27 16:51:40.151  INFO 7074 --- [    Test worker] s.w.s.m.m.a.RequestMappingHandlerAdapter : Looking for @ControllerAdvice: org.springframework.boot.context.embedded.AnnotationConfigEmbeddedWebApplicationContext@5229eab1: startup date [Thu Jul 27 16:51:38 EDT 2017]; root of context hierarchy
2017-07-27 16:51:40.167  INFO 7074 --- [    Test worker] s.w.s.m.m.a.RequestMappingHandlerMapping : Mapped "{[/recruiters],methods=[POST]}" onto public org.springframework.http.ResponseEntity<com.avalanche.tmcs.recruiter.Recruiter> com.avalanche.tmcs.recruiter.RecruiterController.addRecruiter(com.avalanche.tmcs.recruiter.NewRecruiter)
2017-07-27 16:51:40.167  INFO 7074 --- [    Test worker] s.w.s.m.m.a.RequestMappingHandlerMapping : Mapped "{[/recruiters/edit],methods=[POST]}" onto public org.springframework.http.ResponseEntity<java.lang.String> com.avalanche.tmcs.recruiter.RecruiterController.editRecruiter(com.avalanche.tmcs.recruiter.Recruiter)
2017-07-27 16:51:40.167  INFO 7074 --- [    Test worker] s.w.s.m.m.a.RequestMappingHandlerMapping : Mapped "{[/recruiters/{id}],methods=[GET]}" onto public com.avalanche.tmcs.recruiter.Recruiter com.avalanche.tmcs.recruiter.RecruiterController.getEmployer(long)
2017-07-27 16:51:40.167  INFO 7074 --- [    Test worker] s.w.s.m.m.a.RequestMappingHandlerMapping : Mapped "{[/recruiters/byEmail/{email}],methods=[GET]}" onto public com.avalanche.tmcs.recruiter.Recruiter com.avalanche.tmcs.recruiter.RecruiterController.getRecruiterByEmail(java.lang.String)
2017-07-27 16:51:40.168  INFO 7074 --- [    Test worker] s.w.s.m.m.a.RequestMappingHandlerMapping : Mapped "{[/recruiters/company],methods=[POST]}" onto public org.springframework.http.ResponseEntity<?> com.avalanche.tmcs.recruiter.RecruiterController.addCompany(long,com.avalanche.tmcs.company.Company)
2017-07-27 16:51:40.168  INFO 7074 --- [    Test worker] s.w.s.m.m.a.RequestMappingHandlerMapping : Mapped "{[/recruiters/company/{id}],methods=[PUT]}" onto public org.springframework.http.ResponseEntity<?> com.avalanche.tmcs.recruiter.RecruiterController.editCompany(long,com.avalanche.tmcs.company.Company)
2017-07-27 16:51:40.168  INFO 7074 --- [    Test worker] s.w.s.m.m.a.RequestMappingHandlerMapping : Mapped "{[/recruiters/{id}],methods=[PUT]}" onto public org.springframework.http.ResponseEntity<?> com.avalanche.tmcs.recruiter.RecruiterController.updateRecruiter(long,com.avalanche.tmcs.recruiter.Recruiter)
2017-07-27 16:51:40.168  INFO 7074 --- [    Test worker] s.w.s.m.m.a.RequestMappingHandlerMapping : Mapped "{[/recruiters/company/{id}],methods=[GET]}" onto public com.avalanche.tmcs.company.Company com.avalanche.tmcs.recruiter.RecruiterController.getCompany(long)
2017-07-27 16:51:40.169  INFO 7074 --- [    Test worker] s.w.s.m.m.a.RequestMappingHandlerMapping : Mapped "{[/user/login],methods=[POST]}" onto public org.springframework.http.ResponseEntity<com.avalanche.tmcs.auth.User> com.avalanche.tmcs.auth.UsersController.login(com.avalanche.tmcs.auth.User)
2017-07-27 16:51:40.169  INFO 7074 --- [    Test worker] s.w.s.m.m.a.RequestMappingHandlerMapping : Mapped "{[/user],methods=[POST]}" onto public org.springframework.http.ResponseEntity<com.avalanche.tmcs.auth.User> com.avalanche.tmcs.auth.UsersController.createNewUser(com.avalanche.tmcs.auth.User,java.lang.String)
2017-07-27 16:51:40.170  INFO 7074 --- [    Test worker] s.w.s.m.m.a.RequestMappingHandlerMapping : Mapped "{[/company],methods=[POST]}" onto public void com.avalanche.tmcs.company.CompanyController.addCompany(com.avalanche.tmcs.company.Company)
2017-07-27 16:51:40.170  INFO 7074 --- [    Test worker] s.w.s.m.m.a.RequestMappingHandlerMapping : Mapped "{[/company/{id}],methods=[PUT]}" onto public org.springframework.http.ResponseEntity<?> com.avalanche.tmcs.company.CompanyController.updateCompany(long,com.avalanche.tmcs.company.Company)
2017-07-27 16:51:40.170  INFO 7074 --- [    Test worker] s.w.s.m.m.a.RequestMappingHandlerMapping : Mapped "{[/company/email_suffix/{emailSuffix}],methods=[GET]}" onto public com.avalanche.tmcs.company.Company com.avalanche.tmcs.company.CompanyController.getCompanyByEmailSuffix(java.lang.String)
2017-07-27 16:51:40.170  INFO 7074 --- [    Test worker] s.w.s.m.m.a.RequestMappingHandlerMapping : Mapped "{[/company/{id}],methods=[GET]}" onto public com.avalanche.tmcs.company.Company com.avalanche.tmcs.company.CompanyController.getCompany(long)
2017-07-27 16:51:40.170  INFO 7074 --- [    Test worker] s.w.s.m.m.a.RequestMappingHandlerMapping : Mapped "{[/company/company_name/{companyName}],methods=[GET]}" onto public com.avalanche.tmcs.company.Company com.avalanche.tmcs.company.CompanyController.getCompanyByName(java.lang.String)
2017-07-27 16:51:40.171  INFO 7074 --- [    Test worker] s.w.s.m.m.a.RequestMappingHandlerMapping : Mapped "{[/jobposting/{id}],methods=[GET]}" onto public org.springframework.http.ResponseEntity<com.avalanche.tmcs.job_posting.JobPosting> com.avalanche.tmcs.job_posting.JobPostingController.getJobPosting(long)
2017-07-27 16:51:40.172  INFO 7074 --- [    Test worker] s.w.s.m.m.a.RequestMappingHandlerMapping : Mapped "{[/jobposting/fulfilled/{id}],methods=[POST]}" onto public void com.avalanche.tmcs.job_posting.JobPostingController.fulfillJobPosting(long)
2017-07-27 16:51:40.172  INFO 7074 --- [    Test worker] s.w.s.m.m.a.RequestMappingHandlerMapping : Mapped "{[/jobposting/delete/{id}],methods=[DELETE]}" onto public void com.avalanche.tmcs.job_posting.JobPostingController.deleteJobPosting(long)
2017-07-27 16:51:40.172  INFO 7074 --- [    Test worker] s.w.s.m.m.a.RequestMappingHandlerMapping : Mapped "{[/jobposting/create],methods=[POST]}" onto public void com.avalanche.tmcs.job_posting.JobPostingController.createJobPosting(com.avalanche.tmcs.job_posting.JobPosting)
2017-07-27 16:51:40.172  INFO 7074 --- [    Test worker] s.w.s.m.m.a.RequestMappingHandlerMapping : Mapped "{[/jobposting/recruiter/{id}],methods=[GET]}" onto public org.springframework.http.ResponseEntity<java.util.List<com.avalanche.tmcs.job_posting.JobPosting>> com.avalanche.tmcs.job_posting.JobPostingController.getJobPostingsByRecruiter(long)
2017-07-27 16:51:40.174  INFO 7074 --- [    Test worker] s.w.s.m.m.a.RequestMappingHandlerMapping : Mapped "{[/matches/studentMatches/{id}/],methods=[GET]}" onto public org.springframework.http.ResponseEntity<java.util.List<com.avalanche.tmcs.matching.Match>> com.avalanche.tmcs.matching.MatchController.getMatchesForStudent(long)
2017-07-27 16:51:40.175  INFO 7074 --- [    Test worker] s.w.s.m.m.a.RequestMappingHandlerMapping : Mapped "{[/matches/{id}/accept],methods=[POST]}" onto public org.springframework.http.ResponseEntity<?> com.avalanche.tmcs.matching.MatchController.showInterest(long,boolean)
2017-07-27 16:51:40.175  INFO 7074 --- [    Test worker] s.w.s.m.m.a.RequestMappingHandlerMapping : Mapped "{[/matches/posting/{id}/probphase],methods=[GET]}" onto public org.springframework.http.ResponseEntity<java.lang.Long> com.avalanche.tmcs.matching.MatchController.getProbPhaseMatches(long)
2017-07-27 16:51:40.175  INFO 7074 --- [    Test worker] s.w.s.m.m.a.RequestMappingHandlerMapping : Mapped "{[/matches/posting/{id}/probphase/unviewed],methods=[GET]}" onto public org.springframework.http.ResponseEntity<java.lang.Long> com.avalanche.tmcs.matching.MatchController.getUnviewedProbPhaseMatches(long)
2017-07-27 16:51:40.175  INFO 7074 --- [    Test worker] s.w.s.m.m.a.RequestMappingHandlerMapping : Mapped "{[/matches/posting/{id}/presentationphase],methods=[GET]}" onto public org.springframework.http.ResponseEntity<java.lang.Long> com.avalanche.tmcs.matching.MatchController.getPresentationPhaseMatches(long)
2017-07-27 16:51:40.175  INFO 7074 --- [    Test worker] s.w.s.m.m.a.RequestMappingHandlerMapping : Mapped "{[/matches/{jobPostingID}/problemResponsePending],methods=[GET]}" onto public org.springframework.http.ResponseEntity<java.util.List<com.avalanche.tmcs.matching.Match>> com.avalanche.tmcs.matching.MatchController.getMatchesWithProblemResponsePending(long)
2017-07-27 16:51:40.175  INFO 7074 --- [    Test worker] s.w.s.m.m.a.RequestMappingHandlerMapping : Mapped "{[/matches/{jobPostingId}/presentationResponsePending],methods=[GET]}" onto public org.springframework.http.ResponseEntity<java.util.List<com.avalanche.tmcs.matching.Match>> com.avalanche.tmcs.matching.MatchController.getMatchesWithPresentationResponsePending(long)
2017-07-27 16:51:40.176  INFO 7074 --- [    Test worker] s.w.s.m.m.a.RequestMappingHandlerMapping : Mapped "{[/matches/{jobPostingID}/interviewPhaseMatches/Count],methods=[GET]}" onto public org.springframework.http.ResponseEntity<java.lang.Long> com.avalanche.tmcs.matching.MatchController.getInterviewPhaseMatchesCount(long)
2017-07-27 16:51:40.176  INFO 7074 --- [    Test worker] s.w.s.m.m.a.RequestMappingHandlerMapping : Mapped "{[/matches/{jobPostingID}/interviewPhaseMatches/unviewed/Count],methods=[GET]}" onto public org.springframework.http.ResponseEntity<java.lang.Long> com.avalanche.tmcs.matching.MatchController.getUnviewedInterviewPhaseMatchesCount(long)
2017-07-27 16:51:40.176  INFO 7074 --- [    Test worker] s.w.s.m.m.a.RequestMappingHandlerMapping : Mapped "{[/matches/{jobPostingID}/presentationPhaseMatches/Count],methods=[GET]}" onto public org.springframework.http.ResponseEntity<java.lang.Long> com.avalanche.tmcs.matching.MatchController.getPresentationPhaseMatchesCount(long)
2017-07-27 16:51:40.176  INFO 7074 --- [    Test worker] s.w.s.m.m.a.RequestMappingHandlerMapping : Mapped "{[/matches/{jobPostingID}/presentationPhaseMatches/unviewed/Count],methods=[GET]}" onto public org.springframework.http.ResponseEntity<java.lang.Long> com.avalanche.tmcs.matching.MatchController.getUnviewedPresentationPhaseMatchesCount(long)
2017-07-27 16:51:40.176  INFO 7074 --- [    Test worker] s.w.s.m.m.a.RequestMappingHandlerMapping : Mapped "{[/matches/{jobPostingID}/interviewPhaseMatches],methods=[GET]}" onto public org.springframework.http.ResponseEntity<java.util.List<com.avalanche.tmcs.matching.Match>> com.avalanche.tmcs.matching.MatchController.getInterviewPhaseMatches(long)
2017-07-27 16:51:40.176  INFO 7074 --- [    Test worker] s.w.s.m.m.a.RequestMappingHandlerMapping : Mapped "{[/matches/{id}/update],methods=[PATCH]}" onto public org.springframework.http.ResponseEntity<java.lang.Boolean> com.avalanche.tmcs.matching.MatchController.updateMatch(long,com.avalanche.tmcs.matching.Match)
2017-07-27 16:51:40.177  INFO 7074 --- [    Test worker] s.w.s.m.m.a.RequestMappingHandlerMapping : Mapped "{[/matches/{id}/submitresponse/{response}],methods=[POST]}" onto public org.springframework.http.ResponseEntity<?> com.avalanche.tmcs.matching.MatchController.setProblemResponse(long,java.lang.String)
2017-07-27 16:51:40.177  INFO 7074 --- [    Test worker] s.w.s.m.m.a.RequestMappingHandlerMapping : Mapped "{[/matches/{id}/submitlink/{link}],methods=[POST]}" onto public org.springframework.http.ResponseEntity<?> com.avalanche.tmcs.matching.MatchController.setStudentLink(long,java.lang.String)
2017-07-27 16:51:40.177  INFO 7074 --- [    Test worker] s.w.s.m.m.a.RequestMappingHandlerMapping : Mapped "{[/skills],methods=[GET]}" onto public org.springframework.http.ResponseEntity<java.lang.Iterable<com.avalanche.tmcs.matching.Skill>> com.avalanche.tmcs.matching.SkillController.getSkills()
2017-07-27 16:51:40.179  INFO 7074 --- [    Test worker] s.w.s.m.m.a.RequestMappingHandlerMapping : Mapped "{[/students/{id}/update],methods=[PUT]}" onto public org.springframework.http.ResponseEntity<?> com.avalanche.tmcs.students.StudentsController.updateStudent(long,com.avalanche.tmcs.students.Student)
2017-07-27 16:51:40.179  INFO 7074 --- [    Test worker] s.w.s.m.m.a.RequestMappingHandlerMapping : Mapped "{[/students/{id}/skills],methods=[POST]}" onto public org.springframework.http.ResponseEntity<com.avalanche.tmcs.students.Student> com.avalanche.tmcs.students.StudentsController.updateSkills(long,java.util.Set<com.avalanche.tmcs.matching.Skill>)
2017-07-27 16:51:40.179  INFO 7074 --- [    Test worker] s.w.s.m.m.a.RequestMappingHandlerMapping : Mapped "{[/students/{id}/uploadResume],methods=[PUT]}" onto public org.springframework.http.ResponseEntity<java.lang.Boolean> com.avalanche.tmcs.students.StudentsController.uploadResume(long,com.avalanche.tmcs.students.Resume)
2017-07-27 16:51:40.179  INFO 7074 --- [    Test worker] s.w.s.m.m.a.RequestMappingHandlerMapping : Mapped "{[/students/{id}/resume],methods=[GET]}" onto public org.springframework.http.ResponseEntity com.avalanche.tmcs.students.StudentsController.getResume(long)
2017-07-27 16:51:40.179  INFO 7074 --- [    Test worker] s.w.s.m.m.a.RequestMappingHandlerMapping : Mapped "{[/students/byEmail/{email}],methods=[GET]}" onto public org.springframework.http.ResponseEntity<com.avalanche.tmcs.students.Student> com.avalanche.tmcs.students.StudentsController.getStudentByEmail(java.lang.String)
2017-07-27 16:51:40.179  INFO 7074 --- [    Test worker] s.w.s.m.m.a.RequestMappingHandlerMapping : Mapped "{[/students],methods=[POST]}" onto public org.springframework.http.ResponseEntity<com.avalanche.tmcs.students.Student> com.avalanche.tmcs.students.StudentsController.addStudent(com.avalanche.tmcs.students.NewStudent)
2017-07-27 16:51:40.179  INFO 7074 --- [    Test worker] s.w.s.m.m.a.RequestMappingHandlerMapping : Mapped "{[/students/{id}],methods=[GET]}" onto public org.springframework.http.ResponseEntity<com.avalanche.tmcs.students.Student> com.avalanche.tmcs.students.StudentsController.getStudent(long)
2017-07-27 16:51:40.181  INFO 7074 --- [    Test worker] s.w.s.m.m.a.RequestMappingHandlerMapping : Mapped "{[/error],produces=[text/html]}" onto public org.springframework.web.servlet.ModelAndView org.springframework.boot.autoconfigure.web.BasicErrorController.errorHtml(javax.servlet.http.HttpServletRequest,javax.servlet.http.HttpServletResponse)
2017-07-27 16:51:40.181  INFO 7074 --- [    Test worker] s.w.s.m.m.a.RequestMappingHandlerMapping : Mapped "{[/error]}" onto public org.springframework.http.ResponseEntity<java.util.Map<java.lang.String, java.lang.Object>> org.springframework.boot.autoconfigure.web.BasicErrorController.error(javax.servlet.http.HttpServletRequest)
2017-07-27 16:51:40.200  INFO 7074 --- [    Test worker] o.s.w.s.handler.SimpleUrlHandlerMapping  : Mapped URL path [/webjars/**] onto handler of type [class org.springframework.web.servlet.resource.ResourceHttpRequestHandler]
2017-07-27 16:51:40.200  INFO 7074 --- [    Test worker] o.s.w.s.handler.SimpleUrlHandlerMapping  : Mapped URL path [/**] onto handler of type [class org.springframework.web.servlet.resource.ResourceHttpRequestHandler]
2017-07-27 16:51:40.222  INFO 7074 --- [    Test worker] o.s.w.s.handler.SimpleUrlHandlerMapping  : Mapped URL path [/**/favicon.ico] onto handler of type [class org.springframework.web.servlet.resource.ResourceHttpRequestHandler]
2017-07-27 16:51:40.239  WARN 7074 --- [    Test worker] .t.AbstractTemplateResolverConfiguration : Cannot find template location: classpath:/templates/ (please add some templates or check your Thymeleaf configuration)
2017-07-27 16:51:40.386  INFO 7074 --- [    Test worker] o.s.b.a.e.mvc.EndpointHandlerMapping     : Mapped "{[/beans || /beans.json],methods=[GET],produces=[application/vnd.spring-boot.actuator.v1+json || application/json]}" onto public java.lang.Object org.springframework.boot.actuate.endpoint.mvc.EndpointMvcAdapter.invoke()
2017-07-27 16:51:40.387  INFO 7074 --- [    Test worker] o.s.b.a.e.mvc.EndpointHandlerMapping     : Mapped "{[/trace || /trace.json],methods=[GET],produces=[application/vnd.spring-boot.actuator.v1+json || application/json]}" onto public java.lang.Object org.springframework.boot.actuate.endpoint.mvc.EndpointMvcAdapter.invoke()
2017-07-27 16:51:40.387  INFO 7074 --- [    Test worker] o.s.b.a.e.mvc.EndpointHandlerMapping     : Mapped "{[/auditevents || /auditevents.json],methods=[GET],produces=[application/vnd.spring-boot.actuator.v1+json || application/json]}" onto public org.springframework.http.ResponseEntity<?> org.springframework.boot.actuate.endpoint.mvc.AuditEventsMvcEndpoint.findByPrincipalAndAfterAndType(java.lang.String,java.util.Date,java.lang.String)
2017-07-27 16:51:40.388  INFO 7074 --- [    Test worker] o.s.b.a.e.mvc.EndpointHandlerMapping     : Mapped "{[/heapdump || /heapdump.json],methods=[GET],produces=[application/octet-stream]}" onto public void org.springframework.boot.actuate.endpoint.mvc.HeapdumpMvcEndpoint.invoke(boolean,javax.servlet.http.HttpServletRequest,javax.servlet.http.HttpServletResponse) throws java.io.IOException,javax.servlet.ServletException
2017-07-27 16:51:40.388  INFO 7074 --- [    Test worker] o.s.b.a.e.mvc.EndpointHandlerMapping     : Mapped "{[/mappings || /mappings.json],methods=[GET],produces=[application/vnd.spring-boot.actuator.v1+json || application/json]}" onto public java.lang.Object org.springframework.boot.actuate.endpoint.mvc.EndpointMvcAdapter.invoke()
2017-07-27 16:51:40.389  INFO 7074 --- [    Test worker] o.s.b.a.e.mvc.EndpointHandlerMapping     : Mapped "{[/metrics/{name:.*}],methods=[GET],produces=[application/vnd.spring-boot.actuator.v1+json || application/json]}" onto public java.lang.Object org.springframework.boot.actuate.endpoint.mvc.MetricsMvcEndpoint.value(java.lang.String)
2017-07-27 16:51:40.389  INFO 7074 --- [    Test worker] o.s.b.a.e.mvc.EndpointHandlerMapping     : Mapped "{[/metrics || /metrics.json],methods=[GET],produces=[application/vnd.spring-boot.actuator.v1+json || application/json]}" onto public java.lang.Object org.springframework.boot.actuate.endpoint.mvc.EndpointMvcAdapter.invoke()
2017-07-27 16:51:40.389  INFO 7074 --- [    Test worker] o.s.b.a.e.mvc.EndpointHandlerMapping     : Mapped "{[/health || /health.json],methods=[GET],produces=[application/vnd.spring-boot.actuator.v1+json || application/json]}" onto public java.lang.Object org.springframework.boot.actuate.endpoint.mvc.HealthMvcEndpoint.invoke(javax.servlet.http.HttpServletRequest)
2017-07-27 16:51:40.389  INFO 7074 --- [    Test worker] o.s.b.a.e.mvc.EndpointHandlerMapping     : Mapped "{[/env/{name:.*}],methods=[GET],produces=[application/vnd.spring-boot.actuator.v1+json || application/json]}" onto public java.lang.Object org.springframework.boot.actuate.endpoint.mvc.EnvironmentMvcEndpoint.value(java.lang.String)
2017-07-27 16:51:40.390  INFO 7074 --- [    Test worker] o.s.b.a.e.mvc.EndpointHandlerMapping     : Mapped "{[/env || /env.json],methods=[GET],produces=[application/vnd.spring-boot.actuator.v1+json || application/json]}" onto public java.lang.Object org.springframework.boot.actuate.endpoint.mvc.EndpointMvcAdapter.invoke()
2017-07-27 16:51:40.390  INFO 7074 --- [    Test worker] o.s.b.a.e.mvc.EndpointHandlerMapping     : Mapped "{[/autoconfig || /autoconfig.json],methods=[GET],produces=[application/vnd.spring-boot.actuator.v1+json || application/json]}" onto public java.lang.Object org.springframework.boot.actuate.endpoint.mvc.EndpointMvcAdapter.invoke()
2017-07-27 16:51:40.390  INFO 7074 --- [    Test worker] o.s.b.a.e.mvc.EndpointHandlerMapping     : Mapped "{[/loggers/{name:.*}],methods=[GET],produces=[application/vnd.spring-boot.actuator.v1+json || application/json]}" onto public java.lang.Object org.springframework.boot.actuate.endpoint.mvc.LoggersMvcEndpoint.get(java.lang.String)
2017-07-27 16:51:40.390  INFO 7074 --- [    Test worker] o.s.b.a.e.mvc.EndpointHandlerMapping     : Mapped "{[/loggers/{name:.*}],methods=[POST],consumes=[application/vnd.spring-boot.actuator.v1+json || application/json],produces=[application/vnd.spring-boot.actuator.v1+json || application/json]}" onto public java.lang.Object org.springframework.boot.actuate.endpoint.mvc.LoggersMvcEndpoint.set(java.lang.String,java.util.Map<java.lang.String, java.lang.String>)
2017-07-27 16:51:40.390  INFO 7074 --- [    Test worker] o.s.b.a.e.mvc.EndpointHandlerMapping     : Mapped "{[/loggers || /loggers.json],methods=[GET],produces=[application/vnd.spring-boot.actuator.v1+json || application/json]}" onto public java.lang.Object org.springframework.boot.actuate.endpoint.mvc.EndpointMvcAdapter.invoke()
2017-07-27 16:51:40.391  INFO 7074 --- [    Test worker] o.s.b.a.e.mvc.EndpointHandlerMapping     : Mapped "{[/configprops || /configprops.json],methods=[GET],produces=[application/vnd.spring-boot.actuator.v1+json || application/json]}" onto public java.lang.Object org.springframework.boot.actuate.endpoint.mvc.EndpointMvcAdapter.invoke()
2017-07-27 16:51:40.391  INFO 7074 --- [    Test worker] o.s.b.a.e.mvc.EndpointHandlerMapping     : Mapped "{[/info || /info.json],methods=[GET],produces=[application/vnd.spring-boot.actuator.v1+json || application/json]}" onto public java.lang.Object org.springframework.boot.actuate.endpoint.mvc.EndpointMvcAdapter.invoke()
2017-07-27 16:51:40.391  INFO 7074 --- [    Test worker] o.s.b.a.e.mvc.EndpointHandlerMapping     : Mapped "{[/dump || /dump.json],methods=[GET],produces=[application/vnd.spring-boot.actuator.v1+json || application/json]}" onto public java.lang.Object org.springframework.boot.actuate.endpoint.mvc.EndpointMvcAdapter.invoke()
2017-07-27 16:51:40.531  INFO 7074 --- [    Test worker] s.b.c.e.t.TomcatEmbeddedServletContainer : Tomcat started on port(s): 32845 (http)
2017-07-27 16:51:40.534  INFO 7074 --- [    Test worker] o.h.h.i.QueryTranslatorFactoryInitiator  : HHH000397: Using ASTQueryTranslatorFactory
Hibernate: select role0_.id as id1_8_, role0_.name as name2_8_ from role role0_ where role0_.name=?
Hibernate: select role0_.id as id1_8_, role0_.name as name2_8_ from role role0_ where role0_.name=?
Hibernate: select role0_.id as id1_8_, role0_.name as name2_8_ from role role0_ where role0_.name=?
2017-07-27 16:51:40.541  INFO 7074 --- [    Test worker] com.avalanche.tmcs.DataLoader            : Added Role definitions
Hibernate: select skill0_.id as id1_9_, skill0_.name as name2_9_ from skills skill0_ where skill0_.name=?
2017-07-27 16:51:40.544  WARN 7074 --- [    Test worker] com.avalanche.tmcs.DataLoader            : Already added test data, not adding it again
2017-07-27 16:51:40.545  INFO 7074 --- [    Test worker] c.a.t.s.StudentsControllerServiceTest    : Started StudentsControllerServiceTest in 2.513 seconds (JVM running for 11.967)
2017-07-27 16:51:40.732  INFO 7074 --- [o-auto-1-exec-1] o.a.c.c.C.[Tomcat].[localhost].[/]       : Initializing Spring FrameworkServlet 'dispatcherServlet'
2017-07-27 16:51:40.732  INFO 7074 --- [o-auto-1-exec-1] o.s.web.servlet.DispatcherServlet        : FrameworkServlet 'dispatcherServlet': initialization started
2017-07-27 16:51:40.757  INFO 7074 --- [o-auto-1-exec-1] o.s.web.servlet.DispatcherServlet        : FrameworkServlet 'dispatcherServlet': initialization completed in 24 ms
Hibernate: select user0_.id as id1_14_, user0_.password as password2_14_, user0_.username as username3_14_ from users user0_ where user0_.username=?
2017-07-27 16:51:40.949 ERROR 7074 --- [o-auto-1-exec-1] o.a.c.c.C.[.[.[/].[dispatcherServlet]    : Servlet.service() for servlet [dispatcherServlet] in context with path [] threw exception [Request processing failed; nested exception is com.avalanche.tmcs.auth.RegistrationException: Username already taken] with root cause

com.avalanche.tmcs.auth.RegistrationException: Username already taken
	at com.avalanche.tmcs.auth.UserService.save(UserService.java:28) ~[main/:na]
	at com.avalanche.tmcs.students.StudentsController.addStudent(StudentsController.java:91) ~[main/:na]
	at sun.reflect.NativeMethodAccessorImpl.invoke0(Native Method) ~[na:1.8.0_131]
	at sun.reflect.NativeMethodAccessorImpl.invoke(NativeMethodAccessorImpl.java:62) ~[na:1.8.0_131]
	at sun.reflect.DelegatingMethodAccessorImpl.invoke(DelegatingMethodAccessorImpl.java:43) ~[na:1.8.0_131]
	at java.lang.reflect.Method.invoke(Method.java:498) ~[na:1.8.0_131]
	at org.springframework.web.method.support.InvocableHandlerMethod.doInvoke(InvocableHandlerMethod.java:205) ~[spring-web-4.3.6.RELEASE.jar:4.3.6.RELEASE]
	at org.springframework.web.method.support.InvocableHandlerMethod.invokeForRequest(InvocableHandlerMethod.java:133) ~[spring-web-4.3.6.RELEASE.jar:4.3.6.RELEASE]
	at org.springframework.web.servlet.mvc.method.annotation.ServletInvocableHandlerMethod.invokeAndHandle(ServletInvocableHandlerMethod.java:116) ~[spring-webmvc-4.3.6.RELEASE.jar:4.3.6.RELEASE]
	at org.springframework.web.servlet.mvc.method.annotation.RequestMappingHandlerAdapter.invokeHandlerMethod(RequestMappingHandlerAdapter.java:827) ~[spring-webmvc-4.3.6.RELEASE.jar:4.3.6.RELEASE]
	at org.springframework.web.servlet.mvc.method.annotation.RequestMappingHandlerAdapter.handleInternal(RequestMappingHandlerAdapter.java:738) ~[spring-webmvc-4.3.6.RELEASE.jar:4.3.6.RELEASE]
	at org.springframework.web.servlet.mvc.method.AbstractHandlerMethodAdapter.handle(AbstractHandlerMethodAdapter.java:85) ~[spring-webmvc-4.3.6.RELEASE.jar:4.3.6.RELEASE]
	at org.springframework.web.servlet.DispatcherServlet.doDispatch(DispatcherServlet.java:963) ~[spring-webmvc-4.3.6.RELEASE.jar:4.3.6.RELEASE]
	at org.springframework.web.servlet.DispatcherServlet.doService(DispatcherServlet.java:897) ~[spring-webmvc-4.3.6.RELEASE.jar:4.3.6.RELEASE]
	at org.springframework.web.servlet.FrameworkServlet.processRequest(FrameworkServlet.java:970) ~[spring-webmvc-4.3.6.RELEASE.jar:4.3.6.RELEASE]
	at org.springframework.web.servlet.FrameworkServlet.doPost(FrameworkServlet.java:872) ~[spring-webmvc-4.3.6.RELEASE.jar:4.3.6.RELEASE]
	at javax.servlet.http.HttpServlet.service(HttpServlet.java:648) ~[tomcat-embed-core-8.5.11.jar:8.5.11]
	at org.springframework.web.servlet.FrameworkServlet.service(FrameworkServlet.java:846) ~[spring-webmvc-4.3.6.RELEASE.jar:4.3.6.RELEASE]
	at javax.servlet.http.HttpServlet.service(HttpServlet.java:729) ~[tomcat-embed-core-8.5.11.jar:8.5.11]
	at org.apache.catalina.core.ApplicationFilterChain.internalDoFilter(ApplicationFilterChain.java:230) ~[tomcat-embed-core-8.5.11.jar:8.5.11]
	at org.apache.catalina.core.ApplicationFilterChain.doFilter(ApplicationFilterChain.java:165) ~[tomcat-embed-core-8.5.11.jar:8.5.11]
	at org.apache.tomcat.websocket.server.WsFilter.doFilter(WsFilter.java:52) ~[tomcat-embed-websocket-8.5.11.jar:8.5.11]
	at org.apache.catalina.core.ApplicationFilterChain.internalDoFilter(ApplicationFilterChain.java:192) ~[tomcat-embed-core-8.5.11.jar:8.5.11]
	at org.apache.catalina.core.ApplicationFilterChain.doFilter(ApplicationFilterChain.java:165) ~[tomcat-embed-core-8.5.11.jar:8.5.11]
	at org.springframework.boot.web.filter.ApplicationContextHeaderFilter.doFilterInternal(ApplicationContextHeaderFilter.java:55) ~[spring-boot-1.5.1.RELEASE.jar:1.5.1.RELEASE]
	at org.springframework.web.filter.OncePerRequestFilter.doFilter(OncePerRequestFilter.java:107) ~[spring-web-4.3.6.RELEASE.jar:4.3.6.RELEASE]
	at org.apache.catalina.core.ApplicationFilterChain.internalDoFilter(ApplicationFilterChain.java:192) ~[tomcat-embed-core-8.5.11.jar:8.5.11]
	at org.apache.catalina.core.ApplicationFilterChain.doFilter(ApplicationFilterChain.java:165) ~[tomcat-embed-core-8.5.11.jar:8.5.11]
	at org.springframework.web.filter.AbstractRequestLoggingFilter.doFilterInternal(AbstractRequestLoggingFilter.java:244) ~[spring-web-4.3.6.RELEASE.jar:4.3.6.RELEASE]
	at org.springframework.web.filter.OncePerRequestFilter.doFilter(OncePerRequestFilter.java:107) ~[spring-web-4.3.6.RELEASE.jar:4.3.6.RELEASE]
	at org.apache.catalina.core.ApplicationFilterChain.internalDoFilter(ApplicationFilterChain.java:192) ~[tomcat-embed-core-8.5.11.jar:8.5.11]
	at org.apache.catalina.core.ApplicationFilterChain.doFilter(ApplicationFilterChain.java:165) ~[tomcat-embed-core-8.5.11.jar:8.5.11]
	at org.springframework.boot.actuate.trace.WebRequestTraceFilter.doFilterInternal(WebRequestTraceFilter.java:108) ~[spring-boot-actuator-1.5.1.RELEASE.jar:1.5.1.RELEASE]
	at org.springframework.web.filter.OncePerRequestFilter.doFilter(OncePerRequestFilter.java:107) ~[spring-web-4.3.6.RELEASE.jar:4.3.6.RELEASE]
	at org.apache.catalina.core.ApplicationFilterChain.internalDoFilter(ApplicationFilterChain.java:192) ~[tomcat-embed-core-8.5.11.jar:8.5.11]
	at org.apache.catalina.core.ApplicationFilterChain.doFilter(ApplicationFilterChain.java:165) ~[tomcat-embed-core-8.5.11.jar:8.5.11]
	at org.springframework.security.web.FilterChainProxy$VirtualFilterChain.doFilter(FilterChainProxy.java:317) ~[spring-security-web-4.2.1.RELEASE.jar:4.2.1.RELEASE]
	at org.springframework.security.web.access.intercept.FilterSecurityInterceptor.invoke(FilterSecurityInterceptor.java:127) ~[spring-security-web-4.2.1.RELEASE.jar:4.2.1.RELEASE]
	at org.springframework.security.web.access.intercept.FilterSecurityInterceptor.doFilter(FilterSecurityInterceptor.java:91) ~[spring-security-web-4.2.1.RELEASE.jar:4.2.1.RELEASE]
	at org.springframework.security.web.FilterChainProxy$VirtualFilterChain.doFilter(FilterChainProxy.java:331) ~[spring-security-web-4.2.1.RELEASE.jar:4.2.1.RELEASE]
	at org.springframework.security.web.access.ExceptionTranslationFilter.doFilter(ExceptionTranslationFilter.java:114) ~[spring-security-web-4.2.1.RELEASE.jar:4.2.1.RELEASE]
	at org.springframework.security.web.FilterChainProxy$VirtualFilterChain.doFilter(FilterChainProxy.java:331) ~[spring-security-web-4.2.1.RELEASE.jar:4.2.1.RELEASE]
	at org.springframework.security.web.session.SessionManagementFilter.doFilter(SessionManagementFilter.java:137) ~[spring-security-web-4.2.1.RELEASE.jar:4.2.1.RELEASE]
	at org.springframework.security.web.FilterChainProxy$VirtualFilterChain.doFilter(FilterChainProxy.java:331) ~[spring-security-web-4.2.1.RELEASE.jar:4.2.1.RELEASE]
	at org.springframework.security.web.authentication.AnonymousAuthenticationFilter.doFilter(AnonymousAuthenticationFilter.java:111) ~[spring-security-web-4.2.1.RELEASE.jar:4.2.1.RELEASE]
	at org.springframework.security.web.FilterChainProxy$VirtualFilterChain.doFilter(FilterChainProxy.java:331) ~[spring-security-web-4.2.1.RELEASE.jar:4.2.1.RELEASE]
	at org.springframework.security.web.servletapi.SecurityContextHolderAwareRequestFilter.doFilter(SecurityContextHolderAwareRequestFilter.java:170) ~[spring-security-web-4.2.1.RELEASE.jar:4.2.1.RELEASE]
	at org.springframework.security.web.FilterChainProxy$VirtualFilterChain.doFilter(FilterChainProxy.java:331) ~[spring-security-web-4.2.1.RELEASE.jar:4.2.1.RELEASE]
	at org.springframework.security.web.savedrequest.RequestCacheAwareFilter.doFilter(RequestCacheAwareFilter.java:63) ~[spring-security-web-4.2.1.RELEASE.jar:4.2.1.RELEASE]
	at org.springframework.security.web.FilterChainProxy$VirtualFilterChain.doFilter(FilterChainProxy.java:331) ~[spring-security-web-4.2.1.RELEASE.jar:4.2.1.RELEASE]
	at org.springframework.security.web.authentication.logout.LogoutFilter.doFilter(LogoutFilter.java:116) ~[spring-security-web-4.2.1.RELEASE.jar:4.2.1.RELEASE]
	at org.springframework.security.web.FilterChainProxy$VirtualFilterChain.doFilter(FilterChainProxy.java:331) ~[spring-security-web-4.2.1.RELEASE.jar:4.2.1.RELEASE]
	at org.springframework.security.web.header.HeaderWriterFilter.doFilterInternal(HeaderWriterFilter.java:64) ~[spring-security-web-4.2.1.RELEASE.jar:4.2.1.RELEASE]
	at org.springframework.web.filter.OncePerRequestFilter.doFilter(OncePerRequestFilter.java:107) ~[spring-web-4.3.6.RELEASE.jar:4.3.6.RELEASE]
	at org.springframework.security.web.FilterChainProxy$VirtualFilterChain.doFilter(FilterChainProxy.java:331) ~[spring-security-web-4.2.1.RELEASE.jar:4.2.1.RELEASE]
	at org.springframework.security.web.context.SecurityContextPersistenceFilter.doFilter(SecurityContextPersistenceFilter.java:105) ~[spring-security-web-4.2.1.RELEASE.jar:4.2.1.RELEASE]
	at org.springframework.security.web.FilterChainProxy$VirtualFilterChain.doFilter(FilterChainProxy.java:331) ~[spring-security-web-4.2.1.RELEASE.jar:4.2.1.RELEASE]
	at org.springframework.security.web.context.request.async.WebAsyncManagerIntegrationFilter.doFilterInternal(WebAsyncManagerIntegrationFilter.java:56) ~[spring-security-web-4.2.1.RELEASE.jar:4.2.1.RELEASE]
	at org.springframework.web.filter.OncePerRequestFilter.doFilter(OncePerRequestFilter.java:107) ~[spring-web-4.3.6.RELEASE.jar:4.3.6.RELEASE]
	at org.springframework.security.web.FilterChainProxy$VirtualFilterChain.doFilter(FilterChainProxy.java:331) ~[spring-security-web-4.2.1.RELEASE.jar:4.2.1.RELEASE]
	at org.springframework.security.web.FilterChainProxy.doFilterInternal(FilterChainProxy.java:214) ~[spring-security-web-4.2.1.RELEASE.jar:4.2.1.RELEASE]
	at org.springframework.security.web.FilterChainProxy.doFilter(FilterChainProxy.java:177) ~[spring-security-web-4.2.1.RELEASE.jar:4.2.1.RELEASE]
	at org.springframework.web.filter.DelegatingFilterProxy.invokeDelegate(DelegatingFilterProxy.java:346) ~[spring-web-4.3.6.RELEASE.jar:4.3.6.RELEASE]
	at org.springframework.web.filter.DelegatingFilterProxy.doFilter(DelegatingFilterProxy.java:262) ~[spring-web-4.3.6.RELEASE.jar:4.3.6.RELEASE]
	at org.apache.catalina.core.ApplicationFilterChain.internalDoFilter(ApplicationFilterChain.java:192) ~[tomcat-embed-core-8.5.11.jar:8.5.11]
	at org.apache.catalina.core.ApplicationFilterChain.doFilter(ApplicationFilterChain.java:165) ~[tomcat-embed-core-8.5.11.jar:8.5.11]
	at org.springframework.web.filter.RequestContextFilter.doFilterInternal(RequestContextFilter.java:99) ~[spring-web-4.3.6.RELEASE.jar:4.3.6.RELEASE]
	at org.springframework.web.filter.OncePerRequestFilter.doFilter(OncePerRequestFilter.java:107) ~[spring-web-4.3.6.RELEASE.jar:4.3.6.RELEASE]
	at org.apache.catalina.core.ApplicationFilterChain.internalDoFilter(ApplicationFilterChain.java:192) ~[tomcat-embed-core-8.5.11.jar:8.5.11]
	at org.apache.catalina.core.ApplicationFilterChain.doFilter(ApplicationFilterChain.java:165) ~[tomcat-embed-core-8.5.11.jar:8.5.11]
	at org.springframework.web.filter.HttpPutFormContentFilter.doFilterInternal(HttpPutFormContentFilter.java:105) ~[spring-web-4.3.6.RELEASE.jar:4.3.6.RELEASE]
	at org.springframework.web.filter.OncePerRequestFilter.doFilter(OncePerRequestFilter.java:107) ~[spring-web-4.3.6.RELEASE.jar:4.3.6.RELEASE]
	at org.apache.catalina.core.ApplicationFilterChain.internalDoFilter(ApplicationFilterChain.java:192) ~[tomcat-embed-core-8.5.11.jar:8.5.11]
	at org.apache.catalina.core.ApplicationFilterChain.doFilter(ApplicationFilterChain.java:165) ~[tomcat-embed-core-8.5.11.jar:8.5.11]
	at org.springframework.web.filter.HiddenHttpMethodFilter.doFilterInternal(HiddenHttpMethodFilter.java:81) ~[spring-web-4.3.6.RELEASE.jar:4.3.6.RELEASE]
	at org.springframework.web.filter.OncePerRequestFilter.doFilter(OncePerRequestFilter.java:107) ~[spring-web-4.3.6.RELEASE.jar:4.3.6.RELEASE]
	at org.apache.catalina.core.ApplicationFilterChain.internalDoFilter(ApplicationFilterChain.java:192) ~[tomcat-embed-core-8.5.11.jar:8.5.11]
	at org.apache.catalina.core.ApplicationFilterChain.doFilter(ApplicationFilterChain.java:165) ~[tomcat-embed-core-8.5.11.jar:8.5.11]
	at org.springframework.web.filter.CharacterEncodingFilter.doFilterInternal(CharacterEncodingFilter.java:197) ~[spring-web-4.3.6.RELEASE.jar:4.3.6.RELEASE]
	at org.springframework.web.filter.OncePerRequestFilter.doFilter(OncePerRequestFilter.java:107) ~[spring-web-4.3.6.RELEASE.jar:4.3.6.RELEASE]
	at org.apache.catalina.core.ApplicationFilterChain.internalDoFilter(ApplicationFilterChain.java:192) ~[tomcat-embed-core-8.5.11.jar:8.5.11]
	at org.apache.catalina.core.ApplicationFilterChain.doFilter(ApplicationFilterChain.java:165) ~[tomcat-embed-core-8.5.11.jar:8.5.11]
	at org.springframework.boot.actuate.autoconfigure.MetricsFilter.doFilterInternal(MetricsFilter.java:106) ~[spring-boot-actuator-1.5.1.RELEASE.jar:1.5.1.RELEASE]
	at org.springframework.web.filter.OncePerRequestFilter.doFilter(OncePerRequestFilter.java:107) ~[spring-web-4.3.6.RELEASE.jar:4.3.6.RELEASE]
	at org.apache.catalina.core.ApplicationFilterChain.internalDoFilter(ApplicationFilterChain.java:192) ~[tomcat-embed-core-8.5.11.jar:8.5.11]
	at org.apache.catalina.core.ApplicationFilterChain.doFilter(ApplicationFilterChain.java:165) ~[tomcat-embed-core-8.5.11.jar:8.5.11]
	at org.apache.catalina.core.StandardWrapperValve.invoke(StandardWrapperValve.java:198) ~[tomcat-embed-core-8.5.11.jar:8.5.11]
	at org.apache.catalina.core.StandardContextValve.invoke(StandardContextValve.java:96) [tomcat-embed-core-8.5.11.jar:8.5.11]
	at org.apache.catalina.authenticator.AuthenticatorBase.invoke(AuthenticatorBase.java:474) [tomcat-embed-core-8.5.11.jar:8.5.11]
	at org.apache.catalina.core.StandardHostValve.invoke(StandardHostValve.java:140) [tomcat-embed-core-8.5.11.jar:8.5.11]
	at org.apache.catalina.valves.ErrorReportValve.invoke(ErrorReportValve.java:79) [tomcat-embed-core-8.5.11.jar:8.5.11]
	at org.apache.catalina.core.StandardEngineValve.invoke(StandardEngineValve.java:87) [tomcat-embed-core-8.5.11.jar:8.5.11]
	at org.apache.catalina.connector.CoyoteAdapter.service(CoyoteAdapter.java:349) [tomcat-embed-core-8.5.11.jar:8.5.11]
	at org.apache.coyote.http11.Http11Processor.service(Http11Processor.java:783) [tomcat-embed-core-8.5.11.jar:8.5.11]
	at org.apache.coyote.AbstractProcessorLight.process(AbstractProcessorLight.java:66) [tomcat-embed-core-8.5.11.jar:8.5.11]
	at org.apache.coyote.AbstractProtocol$ConnectionHandler.process(AbstractProtocol.java:798) [tomcat-embed-core-8.5.11.jar:8.5.11]
	at org.apache.tomcat.util.net.NioEndpoint$SocketProcessor.doRun(NioEndpoint.java:1434) [tomcat-embed-core-8.5.11.jar:8.5.11]
	at org.apache.tomcat.util.net.SocketProcessorBase.run(SocketProcessorBase.java:49) [tomcat-embed-core-8.5.11.jar:8.5.11]
	at java.util.concurrent.ThreadPoolExecutor.runWorker(ThreadPoolExecutor.java:1142) [na:1.8.0_131]
	at java.util.concurrent.ThreadPoolExecutor$Worker.run(ThreadPoolExecutor.java:617) [na:1.8.0_131]
	at org.apache.tomcat.util.threads.TaskThread$WrappingRunnable.run(TaskThread.java:61) [tomcat-embed-core-8.5.11.jar:8.5.11]
	at java.lang.Thread.run(Thread.java:748) [na:1.8.0_131]

]]></system-out>
  <system-err><![CDATA[]]></system-err>
</testsuite>
